SF:/home/runner/work/NRF24L01_driver/NRF24L01_driver/inc/nrf24l01_defs.h
DA:949,1
DA:950,1
DA:951,1
DA:952,1
DA:953,1
DA:954,0
DA:956,1
DA:957,1
DA:958,1
DA:959,1
DA:960,1
DA:961,1
DA:962,0
DA:963,1
DA:948,1
DA:147,1
DA:148,1
DA:149,1
DA:150,1
DA:151,1
DA:152,1
DA:153,1
DA:154,1
DA:155,1
DA:165,1
DA:166,1
DA:167,1
DA:177,1
DA:178,1
DA:179,1
DA:180,1
DA:181,1
DA:182,1
DA:183,1
DA:184,1
DA:185,1
DA:186,1
DA:187,1
DA:188,1
DA:189,1
DA:190,1
DA:191,1
DA:192,1
DA:193,1
DA:194,1
DA:195,1
DA:196,1
DA:197,1
DA:198,1
DA:199,1
DA:200,1
DA:209,1
DA:210,1
DA:231,1
DA:232,1
DA:233,1
DA:234,1
DA:235,1
DA:236,1
DA:237,1
DA:435,1
DA:445,1
DA:451,1
DA:245,1
DA:246,1
DA:247,1
DA:248,1
DA:249,1
DA:250,1
DA:465,1
DA:258,1
DA:259,1
DA:260,1
DA:261,1
DA:262,1
DA:263,1
DA:483,1
DA:271,1
DA:501,1
DA:279,1
DA:280,1
DA:512,1
DA:288,1
DA:526,1
DA:296,1
DA:297,1
DA:298,1
DA:299,1
DA:537,1
DA:307,1
DA:308,1
DA:309,1
DA:310,1
DA:311,1
DA:553,1
DA:561,1
DA:319,1
DA:320,1
DA:576,1
DA:328,1
DA:590,1
DA:336,1
DA:344,1
DA:352,1
DA:360,1
DA:368,1
DA:376,1
DA:384,1
DA:385,1
DA:386,1
DA:387,1
DA:388,1
DA:396,0
DA:397,0
DA:398,0
DA:399,0
DA:400,0
DA:401,0
DA:409,1
DA:410,1
DA:411,1
DA:100,0
DA:594,0
DA:595,0
DA:596,0
DA:597,0
DA:598,0
DA:599,1
DA:603,1
DA:611,1
DA:616,1
DA:623,0
DA:633,0
DA:642,1
DA:643,1
DA:647,1
DA:648,1
DA:649,1
DA:650,1
DA:653,1
DA:654,1
DA:655,1
DA:656,1
DA:659,0
DA:660,0
DA:661,0
DA:664,1
DA:665,1
DA:666,1
DA:667,1
DA:670,0
DA:787,1
DA:793,1
DA:678,0
DA:699,0
DA:716,0
DA:722,0
DA:730,0
DA:743,0
DA:751,0
DA:757,1
DA:771,1
DA:798,0
DA:804,0
DA:810,0
DA:816,0
DA:822,0
DA:827,0
DA:832,0
DA:837,0
DA:1,0
DA:707,0
DA:710,0
DA:713,0
DA:737,0
DA:740,0
DA:854,1
DA:865,1
DA:887,1
DA:898,1
DA:909,1
DA:919,1
DA:928,1
DA:936,1
DA:939,0
end_of_record
SF:/home/runner/work/NRF24L01_driver/NRF24L01_driver/inc/nrf24l01.h
DA:21,0
DA:22,0
DA:23,1
DA:26,1
DA:27,1
DA:28,1
DA:29,0
DA:30,0
DA:31,0
DA:34,1
DA:35,1
DA:36,1
DA:37,1
DA:38,1
DA:39,1
DA:40,1
DA:44,1
DA:45,1
DA:46,1
DA:47,1
DA:48,1
DA:49,1
DA:52,0
DA:53,1
DA:54,0
DA:55,1
DA:58,0
DA:59,1
DA:60,0
DA:61,1
DA:62,0
DA:64,0
DA:75,1
DA:76,1
DA:77,1
DA:80,1
DA:84,1
DA:85,0
DA:88,1
DA:93,0
DA:94,0
DA:97,1
DA:99,1
DA:110,0
DA:111,0
DA:112,0
DA:1,0
end_of_record
SF:/home/runner/work/NRF24L01_driver/NRF24L01_driver/src/nrf24l01.c
DA:28,0
DA:31,0
DA:41,0
DA:71,1
DA:84,0
DA:93,0
DA:106,0
DA:123,0
DA:162,0
DA:178,1
DA:208,1
DA:231,1
DA:254,0
DA:260,0
DA:271,1
DA:291,1
DA:313,1
DA:331,1
DA:343,1
DA:368,1
DA:397,1
DA:415,1
DA:436,1
DA:471,1
DA:506,1
DA:540,1
DA:562,1
DA:586,1
DA:605,1
DA:632,1
DA:655,1
DA:677,1
DA:702,1
DA:716,1
DA:726,1
DA:736,1
DA:758,1
DA:786,1
DA:796,0
DA:862,0
DA:866,0
DA:881,0
DA:896,0
DA:936,1
DA:965,1
DA:1448,1
DA:1481,0
DA:1488,0
DA:1495,0
DA:1,1
end_of_record
SF:/home/runner/work/NRF24L01_driver/NRF24L01_driver/docs/xml/indexpage.xml
DA:1,1
end_of_record
